<?xml version="1.0" encoding="UTF-8"?>
<!-- Generated by org.testng.reporters.JUnitReportReporter -->
<testsuite hostname="LPTSEPT12" failures="0" tests="1" name="QualityKiosksTraining.OrangeHRMTestCases.TestCases.ValidLoginCredentialsTestcase" time="4.668" errors="0" timestamp="2021-05-05T10:12:31 IST" skipped="0">
  <testcase classname="QualityKiosksTraining.OrangeHRMTestCases.TestCases.ValidLoginCredentialsTestcase" name="TestLoginWithValidCrdentials" time="4.668"/>
  <system-out/>
</testsuite> <!-- QualityKiosksTraining.OrangeHRMTestCases.TestCases.ValidLoginCredentialsTestcase -->
